€(asctime)s €(levelname)s: €(message)s [in €pathnames:1891]
Traceback (most recent call last):
  File "c:\users\diana\pythonworkspace\academy\venv\lib\site-packages\flask\app.py", line 2447, in wsgi_app
    response = self.full_dispatch_request()
  File "c:\users\diana\pythonworkspace\academy\venv\lib\site-packages\flask\app.py", line 1952, in full_dispatch_request
    rv = self.handle_user_exception(e)
  File "c:\users\diana\pythonworkspace\academy\venv\lib\site-packages\flask\app.py", line 1821, in handle_user_exception
    reraise(exc_type, exc_value, tb)
  File "c:\users\diana\pythonworkspace\academy\venv\lib\site-packages\flask\_compat.py", line 39, in reraise
    raise value
  File "c:\users\diana\pythonworkspace\academy\venv\lib\site-packages\flask\app.py", line 1950, in full_dispatch_request
    rv = self.dispatch_request()
  File "c:\users\diana\pythonworkspace\academy\venv\lib\site-packages\flask\app.py", line 1936, in dispatch_request
    return self.view_functions[rule.endpoint](**req.view_args)
  File "c:\users\diana\pythonworkspace\academy\venv\lib\site-packages\flask_login\utils.py", line 272, in decorated_view
    return func(*args, **kwargs)
TypeError: email_user() missing 1 required positional argument: 'name'
€(asctime)s €(levelname)s: €(message)s [in €pathnames:81]
€(asctime)s €(levelname)s: €(message)s [in €pathnames:81]
€(asctime)s €(levelname)s: €(message)s [in €pathnames:81]
€(asctime)s €(levelname)s: €(message)s [in €pathnames:81]
€(asctime)s €(levelname)s: €(message)s [in €pathnames:81]
€(asctime)s €(levelname)s: €(message)s [in €pathnames:81]
€(asctime)s €(levelname)s: €(message)s [in €pathnames:81]
€(asctime)s €(levelname)s: €(message)s [in €pathnames:1891]
Traceback (most recent call last):
  File "c:\users\diana\pythonworkspace\academy\venv\lib\site-packages\flask\app.py", line 2447, in wsgi_app
    response = self.full_dispatch_request()
  File "c:\users\diana\pythonworkspace\academy\venv\lib\site-packages\flask\app.py", line 1952, in full_dispatch_request
    rv = self.handle_user_exception(e)
  File "c:\users\diana\pythonworkspace\academy\venv\lib\site-packages\flask\app.py", line 1821, in handle_user_exception
    reraise(exc_type, exc_value, tb)
  File "c:\users\diana\pythonworkspace\academy\venv\lib\site-packages\flask\_compat.py", line 39, in reraise
    raise value
  File "c:\users\diana\pythonworkspace\academy\venv\lib\site-packages\flask\app.py", line 1950, in full_dispatch_request
    rv = self.dispatch_request()
  File "c:\users\diana\pythonworkspace\academy\venv\lib\site-packages\flask\app.py", line 1936, in dispatch_request
    return self.view_functions[rule.endpoint](**req.view_args)
  File "c:\users\diana\pythonworkspace\academy\venv\lib\site-packages\flask_login\utils.py", line 272, in decorated_view
    return func(*args, **kwargs)
  File "C:\Users\Diana\pythonWorkspace\academy\app\staff\routes.py", line 200, in email_user
    send_user_email(
  File "C:\Users\Diana\pythonWorkspace\academy\app\email.py", line 49, in send_user_email
    html_body=render_template('email/user_email.html', body=body, user=user)
  File "c:\users\diana\pythonworkspace\academy\venv\lib\site-packages\flask\templating.py", line 138, in render_template
    ctx.app.jinja_env.get_or_select_template(template_name_or_list),
  File "c:\users\diana\pythonworkspace\academy\venv\lib\site-packages\jinja2\environment.py", line 930, in get_or_select_template
    return self.get_template(template_name_or_list, parent, globals)
  File "c:\users\diana\pythonworkspace\academy\venv\lib\site-packages\jinja2\environment.py", line 883, in get_template
    return self._load_template(name, self.make_globals(globals))
  File "c:\users\diana\pythonworkspace\academy\venv\lib\site-packages\jinja2\environment.py", line 857, in _load_template
    template = self.loader.load(self, name, globals)
  File "c:\users\diana\pythonworkspace\academy\venv\lib\site-packages\jinja2\loaders.py", line 127, in load
    code = environment.compile(source, name, filename)
  File "c:\users\diana\pythonworkspace\academy\venv\lib\site-packages\jinja2\environment.py", line 638, in compile
    self.handle_exception(source=source_hint)
  File "c:\users\diana\pythonworkspace\academy\venv\lib\site-packages\jinja2\environment.py", line 832, in handle_exception
    reraise(*rewrite_traceback_stack(source=source))
  File "c:\users\diana\pythonworkspace\academy\venv\lib\site-packages\jinja2\_compat.py", line 28, in reraise
    raise value.with_traceback(tb)
  File "C:\Users\Diana\pythonWorkspace\academy\app\templates\email\user_email.html", line 9, in template
    <a href="{{ url_for('staff.email_user', name=user }}"> Reply </a>
jinja2.exceptions.TemplateSyntaxError: unexpected '}', expected ')'
€(asctime)s €(levelname)s: €(message)s [in €pathnames:81]
€(asctime)s €(levelname)s: €(message)s [in €pathnames:81]
€(asctime)s €(levelname)s: €(message)s [in €pathnames:81]
€(asctime)s €(levelname)s: €(message)s [in €pathnames:81]
€(asctime)s €(levelname)s: €(message)s [in €pathnames:81]
€(asctime)s €(levelname)s: €(message)s [in €pathnames:81]
€(asctime)s €(levelname)s: €(message)s [in €pathnames:81]
€(asctime)s €(levelname)s: €(message)s [in €pathnames:81]
€(asctime)s €(levelname)s: €(message)s [in €pathnames:81]
€(asctime)s €(levelname)s: €(message)s [in €pathnames:81]
€(asctime)s €(levelname)s: €(message)s [in €pathnames:81]
€(asctime)s €(levelname)s: €(message)s [in €pathnames:81]
€(asctime)s €(levelname)s: €(message)s [in €pathnames:81]
€(asctime)s €(levelname)s: €(message)s [in €pathnames:81]
€(asctime)s €(levelname)s: €(message)s [in €pathnames:81]
€(asctime)s €(levelname)s: €(message)s [in €pathnames:81]
€(asctime)s €(levelname)s: €(message)s [in €pathnames:81]
€(asctime)s €(levelname)s: €(message)s [in €pathnames:81]
€(asctime)s €(levelname)s: €(message)s [in €pathnames:81]
